<?xml version="1.0" encoding="UTF-8"?>
<robot generator="Robot 7.1.1 (Python 3.12.3 on win32)" generated="2024-11-16T10:56:32.268998" rpa="false" schemaversion="5">
<suite id="s1" name="Tests" source="C:\Users\lumiv\OneDrive\Hki Uni CompSci\2024-4 OHTU\webcounter\src\tests">
<suite id="s1-s1" name="Increment" source="C:\Users\lumiv\OneDrive\Hki Uni CompSci\2024-4 OHTU\webcounter\src\tests\increment.robot">
<kw name="Open And Configure Browser" owner="resource" type="SETUP">
<if>
<branch type="IF" condition="$BROWSER == 'chrome'">
<kw name="Evaluate" owner="BuiltIn">
<msg time="2024-11-16T10:56:32.493369" level="INFO">${options} = &lt;selenium.webdriver.chrome.options.Options object at 0x000002054D7E9070&gt;</msg>
<var>${options}</var>
<arg>sys.modules['selenium.webdriver'].ChromeOptions()</arg>
<arg>sys</arg>
<doc>Evaluates the given expression in Python and returns the result.</doc>
<status status="PASS" start="2024-11-16T10:56:32.492372" elapsed="0.000997"/>
</kw>
<status status="PASS" start="2024-11-16T10:56:32.492372" elapsed="0.000997"/>
</branch>
<branch type="ELSE IF" condition="$BROWSER == 'firefox'">
<kw name="Evaluate" owner="BuiltIn">
<var>${options}</var>
<arg>sys.modules['selenium.webdriver'].FirefoxOptions()</arg>
<arg>sys</arg>
<doc>Evaluates the given expression in Python and returns the result.</doc>
<status status="NOT RUN" start="2024-11-16T10:56:32.493369" elapsed="0.000000"/>
</kw>
<status status="NOT RUN" start="2024-11-16T10:56:32.493369" elapsed="0.000000"/>
</branch>
<status status="PASS" start="2024-11-16T10:56:32.492372" elapsed="0.000997"/>
</if>
<if>
<branch type="IF" condition="$HEADLESS == 'true'">
<kw name="Set Selenium Speed" owner="SeleniumLibrary">
<arg>0</arg>
<doc>Sets the delay that is waited after each Selenium command.</doc>
<status status="NOT RUN" start="2024-11-16T10:56:32.493369" elapsed="0.000000"/>
</kw>
<kw name="Call Method" owner="BuiltIn">
<arg>${options}</arg>
<arg>add_argument</arg>
<arg>--headless</arg>
<doc>Calls the named method of the given object with the provided arguments.</doc>
<status status="NOT RUN" start="2024-11-16T10:56:32.493369" elapsed="0.000000"/>
</kw>
<status status="NOT RUN" start="2024-11-16T10:56:32.493369" elapsed="0.000000"/>
</branch>
<branch type="ELSE">
<kw name="Set Selenium Speed" owner="SeleniumLibrary">
<arg>${DELAY}</arg>
<doc>Sets the delay that is waited after each Selenium command.</doc>
<status status="PASS" start="2024-11-16T10:56:32.493369" elapsed="0.000998"/>
</kw>
<status status="PASS" start="2024-11-16T10:56:32.493369" elapsed="0.000998"/>
</branch>
<status status="PASS" start="2024-11-16T10:56:32.493369" elapsed="0.000998"/>
</if>
<kw name="Open Browser" owner="SeleniumLibrary">
<msg time="2024-11-16T10:56:32.494367" level="INFO">Opening browser 'chrome' to base url 'None'.</msg>
<arg>browser=${BROWSER}</arg>
<arg>options=${options}</arg>
<doc>Opens a new browser instance to the optional ``url``.</doc>
<status status="PASS" start="2024-11-16T10:56:32.494367" elapsed="1.346353"/>
</kw>
<status status="PASS" start="2024-11-16T10:56:32.492372" elapsed="1.348348"/>
</kw>
<test id="s1-s1-t1" name="At start the counter is zero" line="7">
<kw name="Go To" owner="SeleniumLibrary">
<msg time="2024-11-16T10:56:33.841717" level="INFO">Opening url 'http://localhost:5001'</msg>
<arg>${HOME_URL}</arg>
<doc>Navigates the current browser window to the provided ``url``.</doc>
<status status="PASS" start="2024-11-16T10:56:33.841717" elapsed="0.844397"/>
</kw>
<kw name="Title Should Be" owner="SeleniumLibrary">
<msg time="2024-11-16T10:56:35.191515" level="INFO">Page title is 'Laskuri'.</msg>
<arg>Laskuri</arg>
<doc>Verifies that the current page title equals ``title``.</doc>
<status status="PASS" start="2024-11-16T10:56:34.686114" elapsed="0.505401"/>
</kw>
<kw name="Page Should Contain" owner="SeleniumLibrary">
<msg time="2024-11-16T10:56:36.203912" level="INFO">Current page contains text 'nappia painettu 0 kertaa'.</msg>
<arg>nappia painettu 0 kertaa</arg>
<doc>Verifies that current page contains ``text``.</doc>
<status status="PASS" start="2024-11-16T10:56:35.191515" elapsed="1.012397"/>
</kw>
<status status="PASS" start="2024-11-16T10:56:33.840720" elapsed="2.363192"/>
</test>
<test id="s1-s1-t2" name="When button pressed twice the counter is two" line="12">
<kw name="Go To" owner="SeleniumLibrary">
<msg time="2024-11-16T10:56:36.203912" level="INFO">Opening url 'http://localhost:5001'</msg>
<arg>${HOME_URL}</arg>
<doc>Navigates the current browser window to the provided ``url``.</doc>
<status status="PASS" start="2024-11-16T10:56:36.203912" elapsed="0.512412"/>
</kw>
<kw name="Click Button" owner="SeleniumLibrary">
<msg time="2024-11-16T10:56:36.716324" level="INFO">Clicking button 'Paina'.</msg>
<arg>Paina</arg>
<doc>Clicks the button identified by ``locator``.</doc>
<status status="PASS" start="2024-11-16T10:56:36.716324" elapsed="1.872778"/>
</kw>
<kw name="Click Button" owner="SeleniumLibrary">
<msg time="2024-11-16T10:56:38.589102" level="INFO">Clicking button 'Paina'.</msg>
<arg>Paina</arg>
<doc>Clicks the button identified by ``locator``.</doc>
<status status="PASS" start="2024-11-16T10:56:38.589102" elapsed="1.859749"/>
</kw>
<kw name="Page Should Contain" owner="SeleniumLibrary">
<msg time="2024-11-16T10:56:41.462128" level="INFO">Current page contains text 'nappia painettu 2 kertaa'.</msg>
<arg>nappia painettu 2 kertaa</arg>
<doc>Verifies that current page contains ``text``.</doc>
<status status="PASS" start="2024-11-16T10:56:40.448851" elapsed="1.013277"/>
</kw>
<status status="PASS" start="2024-11-16T10:56:36.203912" elapsed="5.258216"/>
</test>
<kw name="Close Browser" owner="SeleniumLibrary" type="TEARDOWN">
<doc>Closes the current browser.</doc>
<status status="PASS" start="2024-11-16T10:56:41.462128" elapsed="2.568252"/>
</kw>
<status status="PASS" start="2024-11-16T10:56:32.295898" elapsed="11.734482"/>
</suite>
<suite id="s1-s2" name="Reset" source="C:\Users\lumiv\OneDrive\Hki Uni CompSci\2024-4 OHTU\webcounter\src\tests\reset.robot">
<kw name="Open And Configure Browser" owner="resource" type="SETUP">
<if>
<branch type="IF" condition="$BROWSER == 'chrome'">
<kw name="Evaluate" owner="BuiltIn">
<msg time="2024-11-16T10:56:44.034369" level="INFO">${options} = &lt;selenium.webdriver.chrome.options.Options object at 0x000002054D812EA0&gt;</msg>
<var>${options}</var>
<arg>sys.modules['selenium.webdriver'].ChromeOptions()</arg>
<arg>sys</arg>
<doc>Evaluates the given expression in Python and returns the result.</doc>
<status status="PASS" start="2024-11-16T10:56:44.033400" elapsed="0.000969"/>
</kw>
<status status="PASS" start="2024-11-16T10:56:44.033400" elapsed="0.000969"/>
</branch>
<branch type="ELSE IF" condition="$BROWSER == 'firefox'">
<kw name="Evaluate" owner="BuiltIn">
<var>${options}</var>
<arg>sys.modules['selenium.webdriver'].FirefoxOptions()</arg>
<arg>sys</arg>
<doc>Evaluates the given expression in Python and returns the result.</doc>
<status status="NOT RUN" start="2024-11-16T10:56:44.034369" elapsed="0.000000"/>
</kw>
<status status="NOT RUN" start="2024-11-16T10:56:44.034369" elapsed="0.000000"/>
</branch>
<status status="PASS" start="2024-11-16T10:56:44.033400" elapsed="0.000969"/>
</if>
<if>
<branch type="IF" condition="$HEADLESS == 'true'">
<kw name="Set Selenium Speed" owner="SeleniumLibrary">
<arg>0</arg>
<doc>Sets the delay that is waited after each Selenium command.</doc>
<status status="NOT RUN" start="2024-11-16T10:56:44.034369" elapsed="0.000000"/>
</kw>
<kw name="Call Method" owner="BuiltIn">
<arg>${options}</arg>
<arg>add_argument</arg>
<arg>--headless</arg>
<doc>Calls the named method of the given object with the provided arguments.</doc>
<status status="NOT RUN" start="2024-11-16T10:56:44.034369" elapsed="0.000000"/>
</kw>
<status status="NOT RUN" start="2024-11-16T10:56:44.034369" elapsed="0.000000"/>
</branch>
<branch type="ELSE">
<kw name="Set Selenium Speed" owner="SeleniumLibrary">
<arg>${DELAY}</arg>
<doc>Sets the delay that is waited after each Selenium command.</doc>
<status status="PASS" start="2024-11-16T10:56:44.034369" elapsed="0.000000"/>
</kw>
<status status="PASS" start="2024-11-16T10:56:44.034369" elapsed="0.001026"/>
</branch>
<status status="PASS" start="2024-11-16T10:56:44.034369" elapsed="0.001026"/>
</if>
<kw name="Open Browser" owner="SeleniumLibrary">
<msg time="2024-11-16T10:56:44.035395" level="INFO">Opening browser 'chrome' to base url 'None'.</msg>
<arg>browser=${BROWSER}</arg>
<arg>options=${options}</arg>
<doc>Opens a new browser instance to the optional ``url``.</doc>
<status status="PASS" start="2024-11-16T10:56:44.035395" elapsed="1.339908"/>
</kw>
<status status="PASS" start="2024-11-16T10:56:44.033400" elapsed="1.341903"/>
</kw>
<test id="s1-s2-t1" name="When counter has a nonzero value and it is reset the value becomes zero" line="7">
<kw name="Go To" owner="SeleniumLibrary">
<msg time="2024-11-16T10:56:45.376328" level="INFO">Opening url 'http://localhost:5001'</msg>
<arg>${HOME_URL}</arg>
<doc>Navigates the current browser window to the provided ``url``.</doc>
<status status="PASS" start="2024-11-16T10:56:45.376328" elapsed="0.842612"/>
</kw>
<kw name="Click Button" owner="SeleniumLibrary">
<msg time="2024-11-16T10:56:46.218940" level="INFO">Clicking button 'Paina'.</msg>
<arg>Paina</arg>
<doc>Clicks the button identified by ``locator``.</doc>
<status status="PASS" start="2024-11-16T10:56:46.218940" elapsed="1.882913"/>
</kw>
<kw name="Click Button" owner="SeleniumLibrary">
<msg time="2024-11-16T10:56:48.101853" level="INFO">Clicking button 'Nollaa'.</msg>
<arg>Nollaa</arg>
<doc>Clicks the button identified by ``locator``.</doc>
<status status="PASS" start="2024-11-16T10:56:48.101853" elapsed="1.570759"/>
</kw>
<kw name="Page Should Contain" owner="SeleniumLibrary">
<msg time="2024-11-16T10:56:50.700284" level="INFO">Current page contains text 'nappia painettu 0 kertaa'.</msg>
<arg>nappia painettu 0 kertaa</arg>
<doc>Verifies that current page contains ``text``.</doc>
<status status="PASS" start="2024-11-16T10:56:49.672612" elapsed="1.027672"/>
</kw>
<status status="PASS" start="2024-11-16T10:56:45.375303" elapsed="5.324981"/>
</test>
<kw name="Close Browser" owner="SeleniumLibrary" type="TEARDOWN">
<doc>Closes the current browser.</doc>
<status status="PASS" start="2024-11-16T10:56:50.700284" elapsed="2.547699"/>
</kw>
<status status="PASS" start="2024-11-16T10:56:44.030380" elapsed="9.217603"/>
</suite>
<status status="PASS" start="2024-11-16T10:56:32.270000" elapsed="20.979007"/>
</suite>
<statistics>
<total>
<stat pass="3" fail="0" skip="0">All Tests</stat>
</total>
<tag>
</tag>
<suite>
<stat pass="3" fail="0" skip="0" id="s1" name="Tests">Tests</stat>
<stat pass="2" fail="0" skip="0" id="s1-s1" name="Increment">Tests.Increment</stat>
<stat pass="1" fail="0" skip="0" id="s1-s2" name="Reset">Tests.Reset</stat>
</suite>
</statistics>
<errors>
</errors>
</robot>
