<?xml version="1.0" encoding="UTF-8"?>
<robot generator="Robot 7.1.1 (Python 3.12.3 on win32)" generated="2024-11-16T11:15:06.592160" rpa="false" schemaversion="5">
<suite id="s1" name="Tests" source="C:\Users\lumiv\OneDrive\Hki Uni CompSci\2024-4 OHTU\webcounter\src\tests">
<suite id="s1-s1" name="Increment" source="C:\Users\lumiv\OneDrive\Hki Uni CompSci\2024-4 OHTU\webcounter\src\tests\increment.robot">
<kw name="Open And Configure Browser" owner="resource" type="SETUP">
<if>
<branch type="IF" condition="$BROWSER == 'chrome'">
<kw name="Evaluate" owner="BuiltIn">
<msg time="2024-11-16T11:15:06.802822" level="INFO">${options} = &lt;selenium.webdriver.chrome.options.Options object at 0x000001E7106F9220&gt;</msg>
<var>${options}</var>
<arg>sys.modules['selenium.webdriver'].ChromeOptions()</arg>
<arg>sys</arg>
<doc>Evaluates the given expression in Python and returns the result.</doc>
<status status="PASS" start="2024-11-16T11:15:06.801825" elapsed="0.000997"/>
</kw>
<status status="PASS" start="2024-11-16T11:15:06.801825" elapsed="0.000997"/>
</branch>
<branch type="ELSE IF" condition="$BROWSER == 'firefox'">
<kw name="Evaluate" owner="BuiltIn">
<var>${options}</var>
<arg>sys.modules['selenium.webdriver'].FirefoxOptions()</arg>
<arg>sys</arg>
<doc>Evaluates the given expression in Python and returns the result.</doc>
<status status="NOT RUN" start="2024-11-16T11:15:06.802822" elapsed="0.000000"/>
</kw>
<status status="NOT RUN" start="2024-11-16T11:15:06.802822" elapsed="0.000000"/>
</branch>
<status status="PASS" start="2024-11-16T11:15:06.801825" elapsed="0.000997"/>
</if>
<if>
<branch type="IF" condition="$HEADLESS == 'true'">
<kw name="Set Selenium Speed" owner="SeleniumLibrary">
<arg>0</arg>
<doc>Sets the delay that is waited after each Selenium command.</doc>
<status status="NOT RUN" start="2024-11-16T11:15:06.802822" elapsed="0.000000"/>
</kw>
<kw name="Call Method" owner="BuiltIn">
<arg>${options}</arg>
<arg>add_argument</arg>
<arg>--headless</arg>
<doc>Calls the named method of the given object with the provided arguments.</doc>
<status status="NOT RUN" start="2024-11-16T11:15:06.802822" elapsed="0.000000"/>
</kw>
<status status="NOT RUN" start="2024-11-16T11:15:06.802822" elapsed="0.000000"/>
</branch>
<branch type="ELSE">
<kw name="Set Selenium Speed" owner="SeleniumLibrary">
<arg>${DELAY}</arg>
<doc>Sets the delay that is waited after each Selenium command.</doc>
<status status="PASS" start="2024-11-16T11:15:06.802822" elapsed="0.000000"/>
</kw>
<status status="PASS" start="2024-11-16T11:15:06.802822" elapsed="0.000997"/>
</branch>
<status status="PASS" start="2024-11-16T11:15:06.802822" elapsed="0.000997"/>
</if>
<kw name="Open Browser" owner="SeleniumLibrary">
<msg time="2024-11-16T11:15:06.803819" level="INFO">Opening browser 'chrome' to base url 'None'.</msg>
<arg>browser=${BROWSER}</arg>
<arg>options=${options}</arg>
<doc>Opens a new browser instance to the optional ``url``.</doc>
<status status="PASS" start="2024-11-16T11:15:06.803819" elapsed="1.504985"/>
</kw>
<status status="PASS" start="2024-11-16T11:15:06.801825" elapsed="1.506979"/>
</kw>
<test id="s1-s1-t1" name="At start the counter is zero" line="7">
<kw name="Go To" owner="SeleniumLibrary">
<msg time="2024-11-16T11:15:08.309801" level="INFO">Opening url 'http://localhost:5001'</msg>
<arg>${HOME_URL}</arg>
<doc>Navigates the current browser window to the provided ``url``.</doc>
<status status="PASS" start="2024-11-16T11:15:08.309801" elapsed="0.843772"/>
</kw>
<kw name="Title Should Be" owner="SeleniumLibrary">
<msg time="2024-11-16T11:15:09.659626" level="INFO">Page title is 'Laskuri'.</msg>
<arg>Laskuri</arg>
<doc>Verifies that the current page title equals ``title``.</doc>
<status status="PASS" start="2024-11-16T11:15:09.153573" elapsed="0.506053"/>
</kw>
<kw name="Page Should Contain" owner="SeleniumLibrary">
<msg time="2024-11-16T11:15:10.672501" level="INFO">Current page contains text 'nappia painettu 0 kertaa'.</msg>
<arg>nappia painettu 0 kertaa</arg>
<doc>Verifies that current page contains ``text``.</doc>
<status status="PASS" start="2024-11-16T11:15:09.659626" elapsed="1.012875"/>
</kw>
<status status="PASS" start="2024-11-16T11:15:08.308804" elapsed="2.363697"/>
</test>
<test id="s1-s1-t2" name="When button pressed twice the counter is two" line="12">
<kw name="Go To" owner="SeleniumLibrary">
<msg time="2024-11-16T11:15:10.672501" level="INFO">Opening url 'http://localhost:5001'</msg>
<arg>${HOME_URL}</arg>
<doc>Navigates the current browser window to the provided ``url``.</doc>
<status status="PASS" start="2024-11-16T11:15:10.672501" elapsed="0.512301"/>
</kw>
<kw name="Click Button" owner="SeleniumLibrary">
<msg time="2024-11-16T11:15:11.184802" level="INFO">Clicking button 'Paina'.</msg>
<arg>Paina</arg>
<doc>Clicks the button identified by ``locator``.</doc>
<status status="PASS" start="2024-11-16T11:15:11.184802" elapsed="1.886393"/>
</kw>
<kw name="Click Button" owner="SeleniumLibrary">
<msg time="2024-11-16T11:15:13.071195" level="INFO">Clicking button 'Paina'.</msg>
<arg>Paina</arg>
<doc>Clicks the button identified by ``locator``.</doc>
<status status="PASS" start="2024-11-16T11:15:13.071195" elapsed="1.556829"/>
</kw>
<kw name="Page Should Contain" owner="SeleniumLibrary">
<msg time="2024-11-16T11:15:15.640830" level="INFO">Current page contains text 'nappia painettu 2 kertaa'.</msg>
<arg>nappia painettu 2 kertaa</arg>
<doc>Verifies that current page contains ``text``.</doc>
<status status="PASS" start="2024-11-16T11:15:14.628024" elapsed="1.012806"/>
</kw>
<status status="PASS" start="2024-11-16T11:15:10.672501" elapsed="4.968329"/>
</test>
<kw name="Close Browser" owner="SeleniumLibrary" type="TEARDOWN">
<doc>Closes the current browser.</doc>
<status status="PASS" start="2024-11-16T11:15:15.640830" elapsed="2.566922"/>
</kw>
<status status="PASS" start="2024-11-16T11:15:06.617094" elapsed="11.590658"/>
</suite>
<suite id="s1-s2" name="Reset" source="C:\Users\lumiv\OneDrive\Hki Uni CompSci\2024-4 OHTU\webcounter\src\tests\reset.robot">
<kw name="Open And Configure Browser" owner="resource" type="SETUP">
<if>
<branch type="IF" condition="$BROWSER == 'chrome'">
<kw name="Evaluate" owner="BuiltIn">
<msg time="2024-11-16T11:15:18.211715" level="INFO">${options} = &lt;selenium.webdriver.chrome.options.Options object at 0x000001E7107231D0&gt;</msg>
<var>${options}</var>
<arg>sys.modules['selenium.webdriver'].ChromeOptions()</arg>
<arg>sys</arg>
<doc>Evaluates the given expression in Python and returns the result.</doc>
<status status="PASS" start="2024-11-16T11:15:18.211715" elapsed="0.000996"/>
</kw>
<status status="PASS" start="2024-11-16T11:15:18.211715" elapsed="0.000996"/>
</branch>
<branch type="ELSE IF" condition="$BROWSER == 'firefox'">
<kw name="Evaluate" owner="BuiltIn">
<var>${options}</var>
<arg>sys.modules['selenium.webdriver'].FirefoxOptions()</arg>
<arg>sys</arg>
<doc>Evaluates the given expression in Python and returns the result.</doc>
<status status="NOT RUN" start="2024-11-16T11:15:18.212711" elapsed="0.000000"/>
</kw>
<status status="NOT RUN" start="2024-11-16T11:15:18.212711" elapsed="0.000000"/>
</branch>
<status status="PASS" start="2024-11-16T11:15:18.211715" elapsed="0.000996"/>
</if>
<if>
<branch type="IF" condition="$HEADLESS == 'true'">
<kw name="Set Selenium Speed" owner="SeleniumLibrary">
<arg>0</arg>
<doc>Sets the delay that is waited after each Selenium command.</doc>
<status status="NOT RUN" start="2024-11-16T11:15:18.212711" elapsed="0.000000"/>
</kw>
<kw name="Call Method" owner="BuiltIn">
<arg>${options}</arg>
<arg>add_argument</arg>
<arg>--headless</arg>
<doc>Calls the named method of the given object with the provided arguments.</doc>
<status status="NOT RUN" start="2024-11-16T11:15:18.212711" elapsed="0.000000"/>
</kw>
<status status="NOT RUN" start="2024-11-16T11:15:18.212711" elapsed="0.000000"/>
</branch>
<branch type="ELSE">
<kw name="Set Selenium Speed" owner="SeleniumLibrary">
<arg>${DELAY}</arg>
<doc>Sets the delay that is waited after each Selenium command.</doc>
<status status="PASS" start="2024-11-16T11:15:18.212711" elapsed="0.000000"/>
</kw>
<status status="PASS" start="2024-11-16T11:15:18.212711" elapsed="0.000000"/>
</branch>
<status status="PASS" start="2024-11-16T11:15:18.212711" elapsed="0.000000"/>
</if>
<kw name="Open Browser" owner="SeleniumLibrary">
<msg time="2024-11-16T11:15:18.213709" level="INFO">Opening browser 'chrome' to base url 'None'.</msg>
<arg>browser=${BROWSER}</arg>
<arg>options=${options}</arg>
<doc>Opens a new browser instance to the optional ``url``.</doc>
<status status="PASS" start="2024-11-16T11:15:18.213709" elapsed="1.318391"/>
</kw>
<status status="PASS" start="2024-11-16T11:15:18.211715" elapsed="1.320385"/>
</kw>
<test id="s1-s2-t1" name="When counter has a nonzero value and it is reset the value becomes zero" line="7">
<kw name="Go To" owner="SeleniumLibrary">
<msg time="2024-11-16T11:15:19.532100" level="INFO">Opening url 'http://localhost:5001'</msg>
<arg>${HOME_URL}</arg>
<doc>Navigates the current browser window to the provided ``url``.</doc>
<status status="PASS" start="2024-11-16T11:15:19.532100" elapsed="0.844205"/>
</kw>
<kw name="Click Button" owner="SeleniumLibrary">
<msg time="2024-11-16T11:15:20.376305" level="INFO">Clicking button 'Paina'.</msg>
<arg>Paina</arg>
<doc>Clicks the button identified by ``locator``.</doc>
<status status="PASS" start="2024-11-16T11:15:20.376305" elapsed="1.896085"/>
</kw>
<kw name="Click Button" owner="SeleniumLibrary">
<msg time="2024-11-16T11:15:22.272390" level="INFO">Clicking button 'Nollaa'.</msg>
<arg>Nollaa</arg>
<doc>Clicks the button identified by ``locator``.</doc>
<status status="PASS" start="2024-11-16T11:15:22.272390" elapsed="1.890254"/>
</kw>
<kw name="Page Should Contain" owner="SeleniumLibrary">
<msg time="2024-11-16T11:15:25.175607" level="INFO">Current page contains text 'nappia painettu 0 kertaa'.</msg>
<arg>nappia painettu 0 kertaa</arg>
<doc>Verifies that current page contains ``text``.</doc>
<status status="PASS" start="2024-11-16T11:15:24.162644" elapsed="1.012963"/>
</kw>
<status status="PASS" start="2024-11-16T11:15:19.532100" elapsed="5.643507"/>
</test>
<kw name="Close Browser" owner="SeleniumLibrary" type="TEARDOWN">
<doc>Closes the current browser.</doc>
<status status="PASS" start="2024-11-16T11:15:25.176607" elapsed="2.541374"/>
</kw>
<status status="PASS" start="2024-11-16T11:15:18.207752" elapsed="9.510229"/>
</suite>
<suite id="s1-s3" name="Set Value" source="C:\Users\lumiv\OneDrive\Hki Uni CompSci\2024-4 OHTU\webcounter\src\tests\set_value.robot">
<kw name="Open And Configure Browser" owner="resource" type="SETUP">
<if>
<branch type="IF" condition="$BROWSER == 'chrome'">
<kw name="Evaluate" owner="BuiltIn">
<msg time="2024-11-16T11:15:27.721972" level="INFO">${options} = &lt;selenium.webdriver.chrome.options.Options object at 0x000001E710723770&gt;</msg>
<var>${options}</var>
<arg>sys.modules['selenium.webdriver'].ChromeOptions()</arg>
<arg>sys</arg>
<doc>Evaluates the given expression in Python and returns the result.</doc>
<status status="PASS" start="2024-11-16T11:15:27.721002" elapsed="0.000970"/>
</kw>
<status status="PASS" start="2024-11-16T11:15:27.721002" elapsed="0.000970"/>
</branch>
<branch type="ELSE IF" condition="$BROWSER == 'firefox'">
<kw name="Evaluate" owner="BuiltIn">
<var>${options}</var>
<arg>sys.modules['selenium.webdriver'].FirefoxOptions()</arg>
<arg>sys</arg>
<doc>Evaluates the given expression in Python and returns the result.</doc>
<status status="NOT RUN" start="2024-11-16T11:15:27.721972" elapsed="0.000000"/>
</kw>
<status status="NOT RUN" start="2024-11-16T11:15:27.721972" elapsed="0.000000"/>
</branch>
<status status="PASS" start="2024-11-16T11:15:27.721002" elapsed="0.000970"/>
</if>
<if>
<branch type="IF" condition="$HEADLESS == 'true'">
<kw name="Set Selenium Speed" owner="SeleniumLibrary">
<arg>0</arg>
<doc>Sets the delay that is waited after each Selenium command.</doc>
<status status="NOT RUN" start="2024-11-16T11:15:27.721972" elapsed="0.000000"/>
</kw>
<kw name="Call Method" owner="BuiltIn">
<arg>${options}</arg>
<arg>add_argument</arg>
<arg>--headless</arg>
<doc>Calls the named method of the given object with the provided arguments.</doc>
<status status="NOT RUN" start="2024-11-16T11:15:27.721972" elapsed="0.000000"/>
</kw>
<status status="NOT RUN" start="2024-11-16T11:15:27.721972" elapsed="0.000000"/>
</branch>
<branch type="ELSE">
<kw name="Set Selenium Speed" owner="SeleniumLibrary">
<arg>${DELAY}</arg>
<doc>Sets the delay that is waited after each Selenium command.</doc>
<status status="PASS" start="2024-11-16T11:15:27.721972" elapsed="0.000000"/>
</kw>
<status status="PASS" start="2024-11-16T11:15:27.721972" elapsed="0.000000"/>
</branch>
<status status="PASS" start="2024-11-16T11:15:27.721972" elapsed="0.000000"/>
</if>
<kw name="Open Browser" owner="SeleniumLibrary">
<msg time="2024-11-16T11:15:27.722997" level="INFO">Opening browser 'chrome' to base url 'None'.</msg>
<arg>browser=${BROWSER}</arg>
<arg>options=${options}</arg>
<doc>Opens a new browser instance to the optional ``url``.</doc>
<status status="PASS" start="2024-11-16T11:15:27.721972" elapsed="1.309196"/>
</kw>
<status status="PASS" start="2024-11-16T11:15:27.721002" elapsed="1.310166"/>
</kw>
<test id="s1-s3-t1" name="When the value is set to 10 it is 10" line="7">
<kw name="Go To" owner="SeleniumLibrary">
<msg time="2024-11-16T11:15:29.031168" level="INFO">Opening url 'http://localhost:5001'</msg>
<arg>${HOME_URL}</arg>
<doc>Navigates the current browser window to the provided ``url``.</doc>
<status status="PASS" start="2024-11-16T11:15:29.031168" elapsed="0.855895"/>
</kw>
<kw name="Input Text" owner="SeleniumLibrary">
<msg time="2024-11-16T11:15:29.887063" level="INFO">Typing text '10' into text field 'value'.</msg>
<arg>value</arg>
<arg>10</arg>
<doc>Types the given ``text`` into the text field identified by ``locator``.</doc>
<status status="PASS" start="2024-11-16T11:15:29.887063" elapsed="1.571853"/>
</kw>
<kw name="Click Button" owner="SeleniumLibrary">
<msg time="2024-11-16T11:15:31.458916" level="INFO">Clicking button 'aseta'.</msg>
<arg>aseta</arg>
<doc>Clicks the button identified by ``locator``.</doc>
<status status="PASS" start="2024-11-16T11:15:31.458916" elapsed="1.894455"/>
</kw>
<kw name="Page Should Contain" owner="SeleniumLibrary">
<msg time="2024-11-16T11:15:34.368601" level="INFO">Current page contains text 'nappia painettu 10 kertaa'.</msg>
<arg>nappia painettu 10 kertaa</arg>
<doc>Verifies that current page contains ``text``.</doc>
<status status="PASS" start="2024-11-16T11:15:33.353371" elapsed="1.015230"/>
</kw>
<status status="PASS" start="2024-11-16T11:15:29.031168" elapsed="5.337433"/>
</test>
<kw name="Close Browser" owner="SeleniumLibrary" type="TEARDOWN">
<doc>Closes the current browser.</doc>
<status status="PASS" start="2024-11-16T11:15:34.369579" elapsed="2.535451"/>
</kw>
<status status="PASS" start="2024-11-16T11:15:27.717981" elapsed="9.187049"/>
</suite>
<status status="PASS" start="2024-11-16T11:15:06.593158" elapsed="30.312797"/>
</suite>
<statistics>
<total>
<stat pass="4" fail="0" skip="0">All Tests</stat>
</total>
<tag>
</tag>
<suite>
<stat pass="4" fail="0" skip="0" id="s1" name="Tests">Tests</stat>
<stat pass="2" fail="0" skip="0" id="s1-s1" name="Increment">Tests.Increment</stat>
<stat pass="1" fail="0" skip="0" id="s1-s2" name="Reset">Tests.Reset</stat>
<stat pass="1" fail="0" skip="0" id="s1-s3" name="Set Value">Tests.Set Value</stat>
</suite>
</statistics>
<errors>
</errors>
</robot>
